23:46:19.504 [main] DEBUG com.intuit.karate.Suite - [config] classpath:karate-config.js
23:46:20.750 [main] DEBUG com.intuit.karate - request:
1 > GET https://petstore.swagger.io/v2/user/login
1 > Host: petstore.swagger.io
1 > Connection: Keep-Alive
1 > User-Agent: Apache-HttpClient/4.5.14 (Java/11.0.20)
1 > Accept-Encoding: gzip,deflate


23:46:21.363 [main] DEBUG com.intuit.karate - response time in milliseconds: 600
1 < 200
1 < Date: Mon, 12 May 2025 04:46:21 GMT
1 < Content-Type: application/json
1 < Transfer-Encoding: chunked
1 < Connection: keep-alive
1 < Access-Control-Allow-Origin: *
1 < Access-Control-Allow-Methods: GET, POST, DELETE, PUT
1 < Access-Control-Allow-Headers: Content-Type, api_key, Authorization
1 < X-Expires-After: Mon May 12 05:46:21 UTC 2025
1 < X-Rate-Limit: 5000
1 < Server: Jetty(9.2.9.v20150224)
{
  "code": 200,
  "type": "unknown",
  "message": "logged in user session:1747025181628"
}


23:46:21.372 [main] INFO  com.intuit.karate - [print] API está activa 
23:46:21.429 [main] DEBUG com.intuit.karate - request:
1 > POST https://petstore.swagger.io/v2/user
1 > Content-Type: application/json; charset=UTF-8
1 > Content-Length: 198
1 > Host: petstore.swagger.io
1 > Connection: Keep-Alive
1 > User-Agent: Apache-HttpClient/4.5.14 (Java/11.0.20)
1 > Accept-Encoding: gzip,deflate
{
  "id": 123456789,
  "username": "user_91d0b709-872d-4742-b4cd-259047127ad9",
  "firstName": "Andy",
  "lastName": "Lema",
  "email": "andy.lema@test.com",
  "password": "Password123",
  "phone": "0987654321",
  "userStatus": 1
}


23:46:21.699 [main] DEBUG com.intuit.karate - response time in milliseconds: 269
1 < 200
1 < Date: Mon, 12 May 2025 04:46:21 GMT
1 < Content-Type: application/json
1 < Transfer-Encoding: chunked
1 < Connection: keep-alive
1 < Access-Control-Allow-Origin: *
1 < Access-Control-Allow-Methods: GET, POST, DELETE, PUT
1 < Access-Control-Allow-Headers: Content-Type, api_key, Authorization
1 < Server: Jetty(9.2.9.v20150224)
{
  "code": 200,
  "type": "unknown",
  "message": "123456789"
}


23:46:21.700 [main] INFO  com.intuit.karate - [print] Usuario creado: user_91d0b709-872d-4742-b4cd-259047127ad9 
23:46:21.756 [main] WARN  com.intuit.karate - retry condition evaluation failed: incomplete http request, 'url' not set
23:46:21.756 [main] DEBUG com.intuit.karate - retry condition not satisfied: responseStatus == 200
23:46:21.756 [main] DEBUG com.intuit.karate - sleeping before retry #1
23:46:24.768 [main] WARN  com.intuit.karate - retry condition evaluation failed: incomplete http request, 'url' not set
23:46:24.768 [main] DEBUG com.intuit.karate - retry condition not satisfied: responseStatus == 200
23:46:24.769 [main] DEBUG com.intuit.karate - sleeping before retry #2
23:46:27.785 [main] WARN  com.intuit.karate - retry condition evaluation failed: incomplete http request, 'url' not set
23:46:27.785 [main] DEBUG com.intuit.karate - retry condition not satisfied: responseStatus == 200
23:46:27.785 [main] DEBUG com.intuit.karate - sleeping before retry #3
23:46:30.794 [main] WARN  com.intuit.karate - retry condition evaluation failed: incomplete http request, 'url' not set
23:46:30.794 [main] DEBUG com.intuit.karate - retry condition not satisfied: responseStatus == 200
23:46:30.794 [main] DEBUG com.intuit.karate - sleeping before retry #4
23:46:33.805 [main] WARN  com.intuit.karate - retry condition evaluation failed: incomplete http request, 'url' not set
23:46:33.805 [main] DEBUG com.intuit.karate - retry condition not satisfied: responseStatus == 200
23:46:33.805 [main] DEBUG com.intuit.karate - sleeping before retry #5
23:46:36.812 [main] WARN  com.intuit.karate - retry condition evaluation failed: incomplete http request, 'url' not set
23:46:36.812 [main] DEBUG com.intuit.karate - retry condition not satisfied: responseStatus == 200
23:46:36.812 [main] DEBUG com.intuit.karate - sleeping before retry #6
23:46:39.824 [main] WARN  com.intuit.karate - retry condition evaluation failed: incomplete http request, 'url' not set
23:46:39.824 [main] DEBUG com.intuit.karate - retry condition not satisfied: responseStatus == 200
23:46:39.825 [main] DEBUG com.intuit.karate - sleeping before retry #7
23:46:42.826 [main] WARN  com.intuit.karate - retry condition evaluation failed: incomplete http request, 'url' not set
23:46:42.826 [main] DEBUG com.intuit.karate - retry condition not satisfied: responseStatus == 200
23:46:42.826 [main] DEBUG com.intuit.karate - sleeping before retry #8
23:46:45.840 [main] WARN  com.intuit.karate - retry condition evaluation failed: incomplete http request, 'url' not set
23:46:45.840 [main] DEBUG com.intuit.karate - retry condition not satisfied: responseStatus == 200
23:46:45.840 [main] DEBUG com.intuit.karate - sleeping before retry #9
23:46:48.848 [main] WARN  com.intuit.karate - retry condition evaluation failed: incomplete http request, 'url' not set
23:46:48.848 [main] DEBUG com.intuit.karate - retry condition not satisfied: responseStatus == 200
23:46:48.854 [main] ERROR com.intuit.karate - classpath:examples/users/retry-get-user.feature:15
When method get
too many retry attempts: 10
classpath:examples/users/retry-get-user.feature:15
23:46:48.871 [main] ERROR com.intuit.karate - classpath:examples/users/user-crud.feature:43
* def resultado = karate.call('classpath:examples/users/retry-get-user.feature', { username: user.username })
js failed:
>>>>
01: karate.call('classpath:examples/users/retry-get-user.feature', { username: user.username })
<<<<
org.graalvm.polyglot.PolyglotException: too many retry attempts: 10
classpath:examples/users/retry-get-user.feature:15
- com.intuit.karate.core.FeatureResult.getErrorMessagesCombined(FeatureResult.java:215)
- com.intuit.karate.core.ScenarioEngine.callFeature(ScenarioEngine.java:2046)
- com.intuit.karate.core.ScenarioEngine.call(ScenarioEngine.java:1948)
- com.intuit.karate.core.ScenarioBridge.call(ScenarioBridge.java:165)
- com.intuit.karate.core.ScenarioBridge.call(ScenarioBridge.java:155)
- <js>.:program(Unnamed:1)

classpath:examples/users/user-crud.feature:43
23:46:48.908 [main] DEBUG com.intuit.karate - request:
1 > PUT https://petstore.swagger.io/v2/user/user_38c2f42e-c01d-4edf-b4f2-58371310cb95
1 > Content-Type: application/json; charset=UTF-8
1 > Content-Length: 218
1 > Host: petstore.swagger.io
1 > Connection: Keep-Alive
1 > User-Agent: Apache-HttpClient/4.5.14 (Java/11.0.20)
1 > Accept-Encoding: gzip,deflate
{
  "id": 123456789,
  "username": "user_38c2f42e-c01d-4edf-b4f2-58371310cb95",
  "firstName": "AndyUpdated",
  "lastName": "LemaUpdated",
  "email": "andy.updated@test.com",
  "password": "NewPassword123",
  "phone": "0999999999",
  "userStatus": 1
}


23:46:49.174 [main] DEBUG com.intuit.karate - response time in milliseconds: 266
1 < 200
1 < Date: Mon, 12 May 2025 04:46:49 GMT
1 < Content-Type: application/json
1 < Transfer-Encoding: chunked
1 < Connection: keep-alive
1 < Access-Control-Allow-Origin: *
1 < Access-Control-Allow-Methods: GET, POST, DELETE, PUT
1 < Access-Control-Allow-Headers: Content-Type, api_key, Authorization
1 < Server: Jetty(9.2.9.v20150224)
{
  "code": 200,
  "type": "unknown",
  "message": "123456789"
}


23:46:49.217 [main] WARN  com.intuit.karate - retry condition evaluation failed: incomplete http request, 'url' not set
23:46:49.218 [main] DEBUG com.intuit.karate - retry condition not satisfied: responseStatus == 200
23:46:49.218 [main] DEBUG com.intuit.karate - sleeping before retry #1
23:46:52.227 [main] WARN  com.intuit.karate - retry condition evaluation failed: incomplete http request, 'url' not set
23:46:52.227 [main] DEBUG com.intuit.karate - retry condition not satisfied: responseStatus == 200
23:46:52.227 [main] DEBUG com.intuit.karate - sleeping before retry #2
23:46:55.232 [main] WARN  com.intuit.karate - retry condition evaluation failed: incomplete http request, 'url' not set
23:46:55.232 [main] DEBUG com.intuit.karate - retry condition not satisfied: responseStatus == 200
23:46:55.232 [main] DEBUG com.intuit.karate - sleeping before retry #3
23:46:58.244 [main] WARN  com.intuit.karate - retry condition evaluation failed: incomplete http request, 'url' not set
23:46:58.244 [main] DEBUG com.intuit.karate - retry condition not satisfied: responseStatus == 200
23:46:58.244 [main] DEBUG com.intuit.karate - sleeping before retry #4
23:47:01.249 [main] WARN  com.intuit.karate - retry condition evaluation failed: incomplete http request, 'url' not set
23:47:01.249 [main] DEBUG com.intuit.karate - retry condition not satisfied: responseStatus == 200
23:47:01.249 [main] DEBUG com.intuit.karate - sleeping before retry #5
23:47:04.256 [main] WARN  com.intuit.karate - retry condition evaluation failed: incomplete http request, 'url' not set
23:47:04.257 [main] DEBUG com.intuit.karate - retry condition not satisfied: responseStatus == 200
23:47:04.257 [main] DEBUG com.intuit.karate - sleeping before retry #6
23:47:07.264 [main] WARN  com.intuit.karate - retry condition evaluation failed: incomplete http request, 'url' not set
23:47:07.266 [main] DEBUG com.intuit.karate - retry condition not satisfied: responseStatus == 200
23:47:07.266 [main] DEBUG com.intuit.karate - sleeping before retry #7
23:47:10.275 [main] WARN  com.intuit.karate - retry condition evaluation failed: incomplete http request, 'url' not set
23:47:10.275 [main] DEBUG com.intuit.karate - retry condition not satisfied: responseStatus == 200
23:47:10.275 [main] DEBUG com.intuit.karate - sleeping before retry #8
23:47:13.277 [main] WARN  com.intuit.karate - retry condition evaluation failed: incomplete http request, 'url' not set
23:47:13.277 [main] DEBUG com.intuit.karate - retry condition not satisfied: responseStatus == 200
23:47:13.277 [main] DEBUG com.intuit.karate - sleeping before retry #9
23:47:16.281 [main] WARN  com.intuit.karate - retry condition evaluation failed: incomplete http request, 'url' not set
23:47:16.281 [main] DEBUG com.intuit.karate - retry condition not satisfied: responseStatus == 200
23:47:16.281 [main] ERROR com.intuit.karate - classpath:examples/users/retry-get-user.feature:15
When method get
too many retry attempts: 10
classpath:examples/users/retry-get-user.feature:15
23:47:16.287 [main] ERROR com.intuit.karate - classpath:examples/users/user-crud.feature:61
* def resultado = karate.call('classpath:examples/users/retry-get-user.feature', { username: updatedUser.username })
js failed:
>>>>
01: karate.call('classpath:examples/users/retry-get-user.feature', { username: updatedUser.username })
<<<<
org.graalvm.polyglot.PolyglotException: too many retry attempts: 10
classpath:examples/users/retry-get-user.feature:15
- com.intuit.karate.core.FeatureResult.getErrorMessagesCombined(FeatureResult.java:215)
- com.intuit.karate.core.ScenarioEngine.callFeature(ScenarioEngine.java:2046)
- com.intuit.karate.core.ScenarioEngine.call(ScenarioEngine.java:1948)
- com.intuit.karate.core.ScenarioBridge.call(ScenarioBridge.java:165)
- com.intuit.karate.core.ScenarioBridge.call(ScenarioBridge.java:155)
- <js>.:program(Unnamed:1)

classpath:examples/users/user-crud.feature:61
23:47:16.308 [main] DEBUG com.intuit.karate - request:
1 > DELETE https://petstore.swagger.io/v2/user/user_bcabc960-6b6c-484a-911e-ef84b112b906
1 > Host: petstore.swagger.io
1 > Connection: Keep-Alive
1 > User-Agent: Apache-HttpClient/4.5.14 (Java/11.0.20)
1 > Accept-Encoding: gzip,deflate


23:47:16.581 [main] DEBUG com.intuit.karate - response time in milliseconds: 273
1 < 404
1 < Date: Mon, 12 May 2025 04:47:16 GMT
1 < Content-Length: 0
1 < Connection: keep-alive
1 < Access-Control-Allow-Origin: *
1 < Access-Control-Allow-Methods: GET, POST, DELETE, PUT
1 < Access-Control-Allow-Headers: Content-Type, api_key, Authorization
1 < Server: Jetty(9.2.9.v20150224)


23:47:16.590 [main] ERROR com.intuit.karate - classpath:examples/users/user-crud.feature:70
Then status 200
status code was: 404, expected: 200, response time in milliseconds: 273, url: https://petstore.swagger.io/v2/user/user_bcabc960-6b6c-484a-911e-ef84b112b906, response: 

classpath:examples/users/user-crud.feature:70
23:51:26.379 [main] DEBUG com.intuit.karate.Suite - [config] classpath:karate-config.js
23:51:27.446 [main] DEBUG com.intuit.karate - request:
1 > GET https://petstore.swagger.io/v2/user/login
1 > Host: petstore.swagger.io
1 > Connection: Keep-Alive
1 > User-Agent: Apache-HttpClient/4.5.14 (Java/11.0.20)
1 > Accept-Encoding: gzip,deflate


23:51:27.994 [main] DEBUG com.intuit.karate - response time in milliseconds: 543
1 < 200
1 < Date: Mon, 12 May 2025 04:51:28 GMT
1 < Content-Type: application/json
1 < Transfer-Encoding: chunked
1 < Connection: keep-alive
1 < Access-Control-Allow-Origin: *
1 < Access-Control-Allow-Methods: GET, POST, DELETE, PUT
1 < Access-Control-Allow-Headers: Content-Type, api_key, Authorization
1 < X-Expires-After: Mon May 12 05:51:28 UTC 2025
1 < X-Rate-Limit: 5000
1 < Server: Jetty(9.2.9.v20150224)
{
  "code": 200,
  "type": "unknown",
  "message": "logged in user session:1747025488275"
}


23:51:27.997 [main] INFO  com.intuit.karate - [print] API está activa 
23:51:28.020 [main] DEBUG com.intuit.karate - request:
2 > POST https://petstore.swagger.io/v2/user/login/user
2 > Content-Type: application/json; charset=UTF-8
2 > Content-Length: 198
2 > Host: petstore.swagger.io
2 > Connection: Keep-Alive
2 > User-Agent: Apache-HttpClient/4.5.14 (Java/11.0.20)
2 > Accept-Encoding: gzip,deflate
{
  "id": 123456789,
  "username": "user_a03966ff-228a-4239-82b4-eff62ec05052",
  "firstName": "Andy",
  "lastName": "Lema",
  "email": "andy.lema@test.com",
  "password": "Password123",
  "phone": "0987654321",
  "userStatus": 1
}


23:51:28.361 [main] DEBUG com.intuit.karate - response time in milliseconds: 274
2 < 404
2 < Date: Mon, 12 May 2025 04:51:28 GMT
2 < Content-Type: application/xml
2 < Content-Length: 180
2 < Connection: keep-alive
2 < Access-Control-Allow-Origin: *
2 < Access-Control-Allow-Methods: GET, POST, DELETE, PUT
2 < Access-Control-Allow-Headers: Content-Type, api_key, Authorization
2 < Server: Jetty(9.2.9.v20150224)
<apiResponse>
  <message>null for uri: http://petstore.swagger.io/v2/user/login/user</message>
  <type>unknown</type>
</apiResponse>


23:51:28.374 [main] ERROR com.intuit.karate - classpath:examples/users/user-crud-sequential.feature:24
Then status 200
status code was: 404, expected: 200, response time in milliseconds: 274, url: https://petstore.swagger.io/v2/user/login/user, response: 
<?xml version="1.0" encoding="UTF-8" standalone="yes"?><apiResponse><message>null for uri: http://petstore.swagger.io/v2/user/login/user</message><type>unknown</type></apiResponse>
classpath:examples/users/user-crud-sequential.feature:24
23:54:11.082 [main] DEBUG com.intuit.karate.Suite - [config] classpath:karate-config.js
23:54:12.037 [main] DEBUG com.intuit.karate - request:
1 > GET https://petstore.swagger.io/v2/user/login?password=test&username=test
1 > Host: petstore.swagger.io
1 > Connection: Keep-Alive
1 > User-Agent: Apache-HttpClient/4.5.14 (Java/11.0.20)
1 > Accept-Encoding: gzip,deflate


23:54:12.532 [main] DEBUG com.intuit.karate - response time in milliseconds: 489
1 < 200
1 < Date: Mon, 12 May 2025 04:54:12 GMT
1 < Content-Type: application/json
1 < Transfer-Encoding: chunked
1 < Connection: keep-alive
1 < Access-Control-Allow-Origin: *
1 < Access-Control-Allow-Methods: GET, POST, DELETE, PUT
1 < Access-Control-Allow-Headers: Content-Type, api_key, Authorization
1 < X-Expires-After: Mon May 12 05:54:12 UTC 2025
1 < X-Rate-Limit: 5000
1 < Server: Jetty(9.2.9.v20150224)
{
  "code": 200,
  "type": "unknown",
  "message": "logged in user session:1747025652815"
}


23:54:12.537 [main] INFO  com.intuit.karate - [print] API está activa 
23:54:12.579 [main] DEBUG com.intuit.karate - request:
2 > POST https://petstore.swagger.io/v2/user/login/user
2 > Content-Type: application/json; charset=UTF-8
2 > Content-Length: 198
2 > Host: petstore.swagger.io
2 > Connection: Keep-Alive
2 > User-Agent: Apache-HttpClient/4.5.14 (Java/11.0.20)
2 > Accept-Encoding: gzip,deflate
{
  "id": 123456789,
  "username": "user_a254e6ab-1979-41d9-a47a-7db1f3bd830a",
  "firstName": "Andy",
  "lastName": "Lema",
  "email": "andy.lema@test.com",
  "password": "Password123",
  "phone": "0987654321",
  "userStatus": 1
}


23:54:12.900 [main] DEBUG com.intuit.karate - response time in milliseconds: 269
2 < 404
2 < Date: Mon, 12 May 2025 04:54:13 GMT
2 < Content-Type: application/xml
2 < Content-Length: 180
2 < Connection: keep-alive
2 < Access-Control-Allow-Origin: *
2 < Access-Control-Allow-Methods: GET, POST, DELETE, PUT
2 < Access-Control-Allow-Headers: Content-Type, api_key, Authorization
2 < Server: Jetty(9.2.9.v20150224)
<apiResponse>
  <message>null for uri: http://petstore.swagger.io/v2/user/login/user</message>
  <type>unknown</type>
</apiResponse>


23:54:12.924 [main] ERROR com.intuit.karate - classpath:examples/users/user-crud-sequential.feature:28
Then status 200
status code was: 404, expected: 200, response time in milliseconds: 269, url: https://petstore.swagger.io/v2/user/login/user, response: 
<?xml version="1.0" encoding="UTF-8" standalone="yes"?><apiResponse><message>null for uri: http://petstore.swagger.io/v2/user/login/user</message><type>unknown</type></apiResponse>
classpath:examples/users/user-crud-sequential.feature:28
23:56:06.015 [main] DEBUG com.intuit.karate.Suite - [config] classpath:karate-config.js
23:56:06.992 [main] DEBUG com.intuit.karate - request:
1 > GET https://petstore.swagger.io/v2/store/inventory
1 > Host: petstore.swagger.io
1 > Connection: Keep-Alive
1 > User-Agent: Apache-HttpClient/4.5.14 (Java/11.0.20)
1 > Accept-Encoding: gzip,deflate


23:56:07.496 [main] DEBUG com.intuit.karate - response time in milliseconds: 496
1 < 200
1 < Date: Mon, 12 May 2025 04:56:07 GMT
1 < Content-Type: application/json
1 < Transfer-Encoding: chunked
1 < Connection: keep-alive
1 < Access-Control-Allow-Origin: *
1 < Access-Control-Allow-Methods: GET, POST, DELETE, PUT
1 < Access-Control-Allow-Headers: Content-Type, api_key, Authorization
1 < Server: Jetty(9.2.9.v20150224)
{
  "sold": 7,
  "EVOMASTER": 2,
  "string": 364,
  "pending": 9,
  "available": 14,
  "invalid": 3,
  "not available": 1
}


23:56:07.502 [main] INFO  com.intuit.karate - [print] API está activa 
23:56:07.532 [main] DEBUG com.intuit.karate - request:
2 > POST https://petstore.swagger.io/v2/user
2 > Content-Type: application/json; charset=UTF-8
2 > Content-Length: 198
2 > Host: petstore.swagger.io
2 > Connection: Keep-Alive
2 > User-Agent: Apache-HttpClient/4.5.14 (Java/11.0.20)
2 > Accept-Encoding: gzip,deflate
{
  "id": 123456789,
  "username": "user_579a8401-c854-4e76-81e8-7a8c206aa551",
  "firstName": "Andy",
  "lastName": "Lema",
  "email": "andy.lema@test.com",
  "password": "Password123",
  "phone": "0987654321",
  "userStatus": 1
}


23:56:07.801 [main] DEBUG com.intuit.karate - response time in milliseconds: 269
2 < 200
2 < Date: Mon, 12 May 2025 04:56:08 GMT
2 < Content-Type: application/json
2 < Transfer-Encoding: chunked
2 < Connection: keep-alive
2 < Access-Control-Allow-Origin: *
2 < Access-Control-Allow-Methods: GET, POST, DELETE, PUT
2 < Access-Control-Allow-Headers: Content-Type, api_key, Authorization
2 < Server: Jetty(9.2.9.v20150224)
{
  "code": 200,
  "type": "unknown",
  "message": "123456789"
}


23:56:07.804 [main] INFO  com.intuit.karate - [print] Usuario creado: user_579a8401-c854-4e76-81e8-7a8c206aa551 
23:56:07.842 [main] DEBUG com.intuit.karate - request:
3 > GET https://petstore.swagger.io/v2/user/user_579a8401-c854-4e76-81e8-7a8c206aa551
3 > Host: petstore.swagger.io
3 > Connection: Keep-Alive
3 > User-Agent: Apache-HttpClient/4.5.14 (Java/11.0.20)
3 > Accept-Encoding: gzip,deflate


23:56:08.107 [main] DEBUG com.intuit.karate - response time in milliseconds: 265
3 < 200
3 < Date: Mon, 12 May 2025 04:56:08 GMT
3 < Content-Type: application/json
3 < Transfer-Encoding: chunked
3 < Connection: keep-alive
3 < Access-Control-Allow-Origin: *
3 < Access-Control-Allow-Methods: GET, POST, DELETE, PUT
3 < Access-Control-Allow-Headers: Content-Type, api_key, Authorization
3 < Server: Jetty(9.2.9.v20150224)
{
  "id": 123456789,
  "username": "user_579a8401-c854-4e76-81e8-7a8c206aa551",
  "firstName": "Andy",
  "lastName": "Lema",
  "email": "andy.lema@test.com",
  "password": "Password123",
  "phone": "0987654321",
  "userStatus": 1
}


23:56:08.115 [main] INFO  com.intuit.karate - [print] Usuario encontrado después de reintentos: user_579a8401-c854-4e76-81e8-7a8c206aa551 
23:56:08.120 [main] DEBUG com.intuit.karate - request:
4 > PUT https://petstore.swagger.io/v2/user/user_579a8401-c854-4e76-81e8-7a8c206aa551
4 > Content-Type: application/json; charset=UTF-8
4 > Content-Length: 218
4 > Host: petstore.swagger.io
4 > Connection: Keep-Alive
4 > User-Agent: Apache-HttpClient/4.5.14 (Java/11.0.20)
4 > Accept-Encoding: gzip,deflate
{
  "id": 123456789,
  "username": "user_579a8401-c854-4e76-81e8-7a8c206aa551",
  "firstName": "AndyUpdated",
  "lastName": "LemaUpdated",
  "email": "andy.updated@test.com",
  "password": "NewPassword123",
  "phone": "0999999999",
  "userStatus": 1
}


23:56:08.387 [main] DEBUG com.intuit.karate - response time in milliseconds: 267
4 < 200
4 < Date: Mon, 12 May 2025 04:56:08 GMT
4 < Content-Type: application/json
4 < Transfer-Encoding: chunked
4 < Connection: keep-alive
4 < Access-Control-Allow-Origin: *
4 < Access-Control-Allow-Methods: GET, POST, DELETE, PUT
4 < Access-Control-Allow-Headers: Content-Type, api_key, Authorization
4 < Server: Jetty(9.2.9.v20150224)
{
  "code": 200,
  "type": "unknown",
  "message": "123456789"
}


23:56:08.393 [main] DEBUG com.intuit.karate - request:
5 > GET https://petstore.swagger.io/v2/user/user_579a8401-c854-4e76-81e8-7a8c206aa551
5 > Host: petstore.swagger.io
5 > Connection: Keep-Alive
5 > User-Agent: Apache-HttpClient/4.5.14 (Java/11.0.20)
5 > Accept-Encoding: gzip,deflate


23:56:08.659 [main] DEBUG com.intuit.karate - response time in milliseconds: 266
5 < 200
5 < Date: Mon, 12 May 2025 04:56:08 GMT
5 < Content-Type: application/json
5 < Transfer-Encoding: chunked
5 < Connection: keep-alive
5 < Access-Control-Allow-Origin: *
5 < Access-Control-Allow-Methods: GET, POST, DELETE, PUT
5 < Access-Control-Allow-Headers: Content-Type, api_key, Authorization
5 < Server: Jetty(9.2.9.v20150224)
{
  "id": 123456789,
  "username": "user_579a8401-c854-4e76-81e8-7a8c206aa551",
  "firstName": "AndyUpdated",
  "lastName": "LemaUpdated",
  "email": "andy.updated@test.com",
  "password": "NewPassword123",
  "phone": "0999999999",
  "userStatus": 1
}


23:56:08.662 [main] INFO  com.intuit.karate - [print] Usuario actualizado encontrado después de reintentos: user_579a8401-c854-4e76-81e8-7a8c206aa551 
23:56:08.667 [main] DEBUG com.intuit.karate - request:
6 > DELETE https://petstore.swagger.io/v2/user/user_579a8401-c854-4e76-81e8-7a8c206aa551
6 > Host: petstore.swagger.io
6 > Connection: Keep-Alive
6 > User-Agent: Apache-HttpClient/4.5.14 (Java/11.0.20)
6 > Accept-Encoding: gzip,deflate


23:56:08.945 [main] DEBUG com.intuit.karate - response time in milliseconds: 277
6 < 200
6 < Date: Mon, 12 May 2025 04:56:09 GMT
6 < Content-Type: application/json
6 < Transfer-Encoding: chunked
6 < Connection: keep-alive
6 < Access-Control-Allow-Origin: *
6 < Access-Control-Allow-Methods: GET, POST, DELETE, PUT
6 < Access-Control-Allow-Headers: Content-Type, api_key, Authorization
6 < Server: Jetty(9.2.9.v20150224)
{
  "code": 200,
  "type": "unknown",
  "message": "user_579a8401-c854-4e76-81e8-7a8c206aa551"
}


23:59:15.563 [main] DEBUG com.intuit.karate.Suite - [config] classpath:karate-config.js
23:59:16.526 [main] DEBUG com.intuit.karate - request:
1 > GET https://petstore.swagger.io/v2/store/inventory
1 > Host: petstore.swagger.io
1 > Connection: Keep-Alive
1 > User-Agent: Apache-HttpClient/4.5.14 (Java/11.0.20)
1 > Accept-Encoding: gzip,deflate


23:59:17.090 [main] DEBUG com.intuit.karate - response time in milliseconds: 556
1 < 200
1 < Date: Mon, 12 May 2025 04:59:17 GMT
1 < Content-Type: application/json
1 < Transfer-Encoding: chunked
1 < Connection: keep-alive
1 < Access-Control-Allow-Origin: *
1 < Access-Control-Allow-Methods: GET, POST, DELETE, PUT
1 < Access-Control-Allow-Headers: Content-Type, api_key, Authorization
1 < Server: Jetty(9.2.9.v20150224)
{
  "sold": 5,
  "EVOMASTER": 1,
  "string": 356,
  "pending": 4,
  "available": 29,
  "not available": 1,
  "invalid": 6
}


23:59:17.094 [main] INFO  com.intuit.karate - [print] API está activa 
23:59:17.124 [main] DEBUG com.intuit.karate - request:
2 > POST https://petstore.swagger.io/v2/user
2 > Content-Type: application/json; charset=UTF-8
2 > Content-Length: 198
2 > Host: petstore.swagger.io
2 > Connection: Keep-Alive
2 > User-Agent: Apache-HttpClient/4.5.14 (Java/11.0.20)
2 > Accept-Encoding: gzip,deflate
{
  "id": 123456789,
  "username": "user_b021b10f-59ce-4e0e-85af-c9f655d16552",
  "firstName": "Andy",
  "lastName": "Lema",
  "email": "andy.lema@test.com",
  "password": "Password123",
  "phone": "0987654321",
  "userStatus": 1
}


23:59:17.397 [main] DEBUG com.intuit.karate - response time in milliseconds: 272
2 < 200
2 < Date: Mon, 12 May 2025 04:59:17 GMT
2 < Content-Type: application/json
2 < Transfer-Encoding: chunked
2 < Connection: keep-alive
2 < Access-Control-Allow-Origin: *
2 < Access-Control-Allow-Methods: GET, POST, DELETE, PUT
2 < Access-Control-Allow-Headers: Content-Type, api_key, Authorization
2 < Server: Jetty(9.2.9.v20150224)
{
  "code": 200,
  "type": "unknown",
  "message": "123456789"
}


23:59:17.399 [main] INFO  com.intuit.karate - [print] Usuario creado: user_b021b10f-59ce-4e0e-85af-c9f655d16552 
23:59:17.424 [main] DEBUG com.intuit.karate - request:
3 > GET https://petstore.swagger.io/v2/user/user_b021b10f-59ce-4e0e-85af-c9f655d16552
3 > Host: petstore.swagger.io
3 > Connection: Keep-Alive
3 > User-Agent: Apache-HttpClient/4.5.14 (Java/11.0.20)
3 > Accept-Encoding: gzip,deflate


23:59:17.690 [main] DEBUG com.intuit.karate - response time in milliseconds: 265
3 < 200
3 < Date: Mon, 12 May 2025 04:59:17 GMT
3 < Content-Type: application/json
3 < Transfer-Encoding: chunked
3 < Connection: keep-alive
3 < Access-Control-Allow-Origin: *
3 < Access-Control-Allow-Methods: GET, POST, DELETE, PUT
3 < Access-Control-Allow-Headers: Content-Type, api_key, Authorization
3 < Server: Jetty(9.2.9.v20150224)
{
  "id": 123456789,
  "username": "user_b021b10f-59ce-4e0e-85af-c9f655d16552",
  "firstName": "Andy",
  "lastName": "Lema",
  "email": "andy.lema@test.com",
  "password": "Password123",
  "phone": "0987654321",
  "userStatus": 1
}


23:59:17.699 [main] INFO  com.intuit.karate - [print] Usuario encontrado después de reintentos: user_b021b10f-59ce-4e0e-85af-c9f655d16552 
23:59:17.704 [main] DEBUG com.intuit.karate - request:
4 > PUT https://petstore.swagger.io/v2/user/user_b021b10f-59ce-4e0e-85af-c9f655d16552
4 > Content-Type: application/json; charset=UTF-8
4 > Content-Length: 218
4 > Host: petstore.swagger.io
4 > Connection: Keep-Alive
4 > User-Agent: Apache-HttpClient/4.5.14 (Java/11.0.20)
4 > Accept-Encoding: gzip,deflate
{
  "id": 123456789,
  "username": "user_b021b10f-59ce-4e0e-85af-c9f655d16552",
  "firstName": "AndyUpdated",
  "lastName": "LemaUpdated",
  "email": "andy.updated@test.com",
  "password": "NewPassword123",
  "phone": "0999999999",
  "userStatus": 1
}


23:59:17.968 [main] DEBUG com.intuit.karate - response time in milliseconds: 264
4 < 200
4 < Date: Mon, 12 May 2025 04:59:18 GMT
4 < Content-Type: application/json
4 < Transfer-Encoding: chunked
4 < Connection: keep-alive
4 < Access-Control-Allow-Origin: *
4 < Access-Control-Allow-Methods: GET, POST, DELETE, PUT
4 < Access-Control-Allow-Headers: Content-Type, api_key, Authorization
4 < Server: Jetty(9.2.9.v20150224)
{
  "code": 200,
  "type": "unknown",
  "message": "123456789"
}


23:59:17.972 [main] DEBUG com.intuit.karate - request:
5 > GET https://petstore.swagger.io/v2/user/user_b021b10f-59ce-4e0e-85af-c9f655d16552
5 > Host: petstore.swagger.io
5 > Connection: Keep-Alive
5 > User-Agent: Apache-HttpClient/4.5.14 (Java/11.0.20)
5 > Accept-Encoding: gzip,deflate


23:59:18.239 [main] DEBUG com.intuit.karate - response time in milliseconds: 266
5 < 200
5 < Date: Mon, 12 May 2025 04:59:18 GMT
5 < Content-Type: application/json
5 < Transfer-Encoding: chunked
5 < Connection: keep-alive
5 < Access-Control-Allow-Origin: *
5 < Access-Control-Allow-Methods: GET, POST, DELETE, PUT
5 < Access-Control-Allow-Headers: Content-Type, api_key, Authorization
5 < Server: Jetty(9.2.9.v20150224)
{
  "id": 123456789,
  "username": "user_b021b10f-59ce-4e0e-85af-c9f655d16552",
  "firstName": "AndyUpdated",
  "lastName": "LemaUpdated",
  "email": "andy.updated@test.com",
  "password": "NewPassword123",
  "phone": "0999999999",
  "userStatus": 1
}


23:59:18.242 [main] INFO  com.intuit.karate - [print] Usuario actualizado encontrado después de reintentos: user_b021b10f-59ce-4e0e-85af-c9f655d16552 
23:59:18.248 [main] DEBUG com.intuit.karate - request:
6 > DELETE https://petstore.swagger.io/v2/user/user_b021b10f-59ce-4e0e-85af-c9f655d16552
6 > Host: petstore.swagger.io
6 > Connection: Keep-Alive
6 > User-Agent: Apache-HttpClient/4.5.14 (Java/11.0.20)
6 > Accept-Encoding: gzip,deflate


23:59:18.514 [main] DEBUG com.intuit.karate - response time in milliseconds: 266
6 < 404
6 < Date: Mon, 12 May 2025 04:59:18 GMT
6 < Content-Length: 0
6 < Connection: keep-alive
6 < Access-Control-Allow-Origin: *
6 < Access-Control-Allow-Methods: GET, POST, DELETE, PUT
6 < Access-Control-Allow-Headers: Content-Type, api_key, Authorization
6 < Server: Jetty(9.2.9.v20150224)


23:59:18.527 [main] ERROR com.intuit.karate - classpath:examples/users/user-crud-sequential.feature:63
* status 200
status code was: 404, expected: 200, response time in milliseconds: 266, url: https://petstore.swagger.io/v2/user/user_b021b10f-59ce-4e0e-85af-c9f655d16552, response: 

classpath:examples/users/user-crud-sequential.feature:63
23:59:19.012 [main] DEBUG com.intuit.karate.Suite - [config] classpath:karate-config.js
23:59:19.031 [main] DEBUG com.intuit.karate - request:
1 > GET https://petstore.swagger.io/v2/store/inventory
1 > Host: petstore.swagger.io
1 > Connection: Keep-Alive
1 > User-Agent: Apache-HttpClient/4.5.14 (Java/11.0.20)
1 > Accept-Encoding: gzip,deflate


23:59:19.299 [main] DEBUG com.intuit.karate - response time in milliseconds: 267
1 < 200
1 < Date: Mon, 12 May 2025 04:59:19 GMT
1 < Content-Type: application/json
1 < Transfer-Encoding: chunked
1 < Connection: keep-alive
1 < Access-Control-Allow-Origin: *
1 < Access-Control-Allow-Methods: GET, POST, DELETE, PUT
1 < Access-Control-Allow-Headers: Content-Type, api_key, Authorization
1 < Server: Jetty(9.2.9.v20150224)
{
  "sold": 5,
  "EVOMASTER": 1,
  "string": 355,
  "pending": 4,
  "available": 29,
  "not available": 1,
  "invalid": 6
}


23:59:19.302 [main] INFO  com.intuit.karate - [print] API está activa 
23:59:19.322 [main] DEBUG com.intuit.karate - request:
1 > POST https://petstore.swagger.io/v2/user
1 > Content-Type: application/json; charset=UTF-8
1 > Content-Length: 198
1 > Host: petstore.swagger.io
1 > Connection: Keep-Alive
1 > User-Agent: Apache-HttpClient/4.5.14 (Java/11.0.20)
1 > Accept-Encoding: gzip,deflate
{
  "id": 123456789,
  "username": "user_1478aded-fd4b-47f7-8f08-7f7bf3ba2dc7",
  "firstName": "Andy",
  "lastName": "Lema",
  "email": "andy.lema@test.com",
  "password": "Password123",
  "phone": "0987654321",
  "userStatus": 1
}


23:59:19.589 [main] DEBUG com.intuit.karate - response time in milliseconds: 266
1 < 200
1 < Date: Mon, 12 May 2025 04:59:19 GMT
1 < Content-Type: application/json
1 < Transfer-Encoding: chunked
1 < Connection: keep-alive
1 < Access-Control-Allow-Origin: *
1 < Access-Control-Allow-Methods: GET, POST, DELETE, PUT
1 < Access-Control-Allow-Headers: Content-Type, api_key, Authorization
1 < Server: Jetty(9.2.9.v20150224)
{
  "code": 200,
  "type": "unknown",
  "message": "123456789"
}


23:59:19.590 [main] INFO  com.intuit.karate - [print] Usuario creado: user_1478aded-fd4b-47f7-8f08-7f7bf3ba2dc7 
23:59:19.606 [main] DEBUG com.intuit.karate - request:
1 > GET https://petstore.swagger.io/v2/user/user_ea890b64-ab0e-45ac-8da5-fc283749c3f1
1 > Host: petstore.swagger.io
1 > Connection: Keep-Alive
1 > User-Agent: Apache-HttpClient/4.5.14 (Java/11.0.20)
1 > Accept-Encoding: gzip,deflate


23:59:19.871 [main] DEBUG com.intuit.karate - response time in milliseconds: 265
1 < 404
1 < Date: Mon, 12 May 2025 04:59:20 GMT
1 < Content-Type: application/json
1 < Transfer-Encoding: chunked
1 < Connection: keep-alive
1 < Access-Control-Allow-Origin: *
1 < Access-Control-Allow-Methods: GET, POST, DELETE, PUT
1 < Access-Control-Allow-Headers: Content-Type, api_key, Authorization
1 < Server: Jetty(9.2.9.v20150224)
{
  "code": 1,
  "type": "error",
  "message": "User not found"
}


23:59:19.873 [main] DEBUG com.intuit.karate - retry condition not satisfied: responseStatus == 200
23:59:19.873 [main] DEBUG com.intuit.karate - sleeping before retry #1
23:59:22.888 [main] DEBUG com.intuit.karate - request:
2 > GET https://petstore.swagger.io/v2/user/user_ea890b64-ab0e-45ac-8da5-fc283749c3f1
2 > Host: petstore.swagger.io
2 > Connection: Keep-Alive
2 > User-Agent: Apache-HttpClient/4.5.14 (Java/11.0.20)
2 > Accept-Encoding: gzip,deflate


23:59:23.185 [main] DEBUG com.intuit.karate - response time in milliseconds: 295
2 < 404
2 < Date: Mon, 12 May 2025 04:59:23 GMT
2 < Content-Type: application/json
2 < Transfer-Encoding: chunked
2 < Connection: keep-alive
2 < Access-Control-Allow-Origin: *
2 < Access-Control-Allow-Methods: GET, POST, DELETE, PUT
2 < Access-Control-Allow-Headers: Content-Type, api_key, Authorization
2 < Server: Jetty(9.2.9.v20150224)
{
  "code": 1,
  "type": "error",
  "message": "User not found"
}


23:59:23.186 [main] DEBUG com.intuit.karate - retry condition not satisfied: responseStatus == 200
23:59:23.186 [main] DEBUG com.intuit.karate - sleeping before retry #2
23:59:26.197 [main] DEBUG com.intuit.karate - request:
3 > GET https://petstore.swagger.io/v2/user/user_ea890b64-ab0e-45ac-8da5-fc283749c3f1
3 > Host: petstore.swagger.io
3 > Connection: Keep-Alive
3 > User-Agent: Apache-HttpClient/4.5.14 (Java/11.0.20)
3 > Accept-Encoding: gzip,deflate


23:59:26.463 [main] DEBUG com.intuit.karate - response time in milliseconds: 266
3 < 404
3 < Date: Mon, 12 May 2025 04:59:26 GMT
3 < Content-Type: application/json
3 < Transfer-Encoding: chunked
3 < Connection: keep-alive
3 < Access-Control-Allow-Origin: *
3 < Access-Control-Allow-Methods: GET, POST, DELETE, PUT
3 < Access-Control-Allow-Headers: Content-Type, api_key, Authorization
3 < Server: Jetty(9.2.9.v20150224)
{
  "code": 1,
  "type": "error",
  "message": "User not found"
}


23:59:26.464 [main] DEBUG com.intuit.karate - retry condition not satisfied: responseStatus == 200
23:59:26.464 [main] DEBUG com.intuit.karate - sleeping before retry #3
23:59:29.472 [main] DEBUG com.intuit.karate - request:
4 > GET https://petstore.swagger.io/v2/user/user_ea890b64-ab0e-45ac-8da5-fc283749c3f1
4 > Host: petstore.swagger.io
4 > Connection: Keep-Alive
4 > User-Agent: Apache-HttpClient/4.5.14 (Java/11.0.20)
4 > Accept-Encoding: gzip,deflate


23:59:29.742 [main] DEBUG com.intuit.karate - response time in milliseconds: 269
4 < 404
4 < Date: Mon, 12 May 2025 04:59:30 GMT
4 < Content-Type: application/json
4 < Transfer-Encoding: chunked
4 < Connection: keep-alive
4 < Access-Control-Allow-Origin: *
4 < Access-Control-Allow-Methods: GET, POST, DELETE, PUT
4 < Access-Control-Allow-Headers: Content-Type, api_key, Authorization
4 < Server: Jetty(9.2.9.v20150224)
{
  "code": 1,
  "type": "error",
  "message": "User not found"
}


23:59:29.742 [main] DEBUG com.intuit.karate - retry condition not satisfied: responseStatus == 200
23:59:29.742 [main] DEBUG com.intuit.karate - sleeping before retry #4
23:59:32.759 [main] DEBUG com.intuit.karate - request:
5 > GET https://petstore.swagger.io/v2/user/user_ea890b64-ab0e-45ac-8da5-fc283749c3f1
5 > Host: petstore.swagger.io
5 > Connection: Keep-Alive
5 > User-Agent: Apache-HttpClient/4.5.14 (Java/11.0.20)
5 > Accept-Encoding: gzip,deflate


23:59:33.025 [main] DEBUG com.intuit.karate - response time in milliseconds: 265
5 < 404
5 < Date: Mon, 12 May 2025 04:59:33 GMT
5 < Content-Type: application/json
5 < Transfer-Encoding: chunked
5 < Connection: keep-alive
5 < Access-Control-Allow-Origin: *
5 < Access-Control-Allow-Methods: GET, POST, DELETE, PUT
5 < Access-Control-Allow-Headers: Content-Type, api_key, Authorization
5 < Server: Jetty(9.2.9.v20150224)
{
  "code": 1,
  "type": "error",
  "message": "User not found"
}


23:59:33.026 [main] DEBUG com.intuit.karate - retry condition not satisfied: responseStatus == 200
23:59:33.026 [main] DEBUG com.intuit.karate - sleeping before retry #5
23:59:36.028 [main] DEBUG com.intuit.karate - request:
6 > GET https://petstore.swagger.io/v2/user/user_ea890b64-ab0e-45ac-8da5-fc283749c3f1
6 > Host: petstore.swagger.io
6 > Connection: Keep-Alive
6 > User-Agent: Apache-HttpClient/4.5.14 (Java/11.0.20)
6 > Accept-Encoding: gzip,deflate


23:59:36.295 [main] DEBUG com.intuit.karate - response time in milliseconds: 265
6 < 404
6 < Date: Mon, 12 May 2025 04:59:36 GMT
6 < Content-Type: application/json
6 < Transfer-Encoding: chunked
6 < Connection: keep-alive
6 < Access-Control-Allow-Origin: *
6 < Access-Control-Allow-Methods: GET, POST, DELETE, PUT
6 < Access-Control-Allow-Headers: Content-Type, api_key, Authorization
6 < Server: Jetty(9.2.9.v20150224)
{
  "code": 1,
  "type": "error",
  "message": "User not found"
}


23:59:36.296 [main] DEBUG com.intuit.karate - retry condition not satisfied: responseStatus == 200
23:59:36.296 [main] DEBUG com.intuit.karate - sleeping before retry #6
23:59:39.304 [main] DEBUG com.intuit.karate - request:
7 > GET https://petstore.swagger.io/v2/user/user_ea890b64-ab0e-45ac-8da5-fc283749c3f1
7 > Host: petstore.swagger.io
7 > Connection: Keep-Alive
7 > User-Agent: Apache-HttpClient/4.5.14 (Java/11.0.20)
7 > Accept-Encoding: gzip,deflate


23:59:39.574 [main] DEBUG com.intuit.karate - response time in milliseconds: 269
7 < 404
7 < Date: Mon, 12 May 2025 04:59:39 GMT
7 < Content-Type: application/json
7 < Transfer-Encoding: chunked
7 < Connection: keep-alive
7 < Access-Control-Allow-Origin: *
7 < Access-Control-Allow-Methods: GET, POST, DELETE, PUT
7 < Access-Control-Allow-Headers: Content-Type, api_key, Authorization
7 < Server: Jetty(9.2.9.v20150224)
{
  "code": 1,
  "type": "error",
  "message": "User not found"
}


23:59:39.575 [main] DEBUG com.intuit.karate - retry condition not satisfied: responseStatus == 200
23:59:39.575 [main] DEBUG com.intuit.karate - sleeping before retry #7
23:59:42.581 [main] DEBUG com.intuit.karate - request:
8 > GET https://petstore.swagger.io/v2/user/user_ea890b64-ab0e-45ac-8da5-fc283749c3f1
8 > Host: petstore.swagger.io
8 > Connection: Keep-Alive
8 > User-Agent: Apache-HttpClient/4.5.14 (Java/11.0.20)
8 > Accept-Encoding: gzip,deflate


23:59:42.849 [main] DEBUG com.intuit.karate - response time in milliseconds: 267
8 < 404
8 < Date: Mon, 12 May 2025 04:59:43 GMT
8 < Content-Type: application/json
8 < Transfer-Encoding: chunked
8 < Connection: keep-alive
8 < Access-Control-Allow-Origin: *
8 < Access-Control-Allow-Methods: GET, POST, DELETE, PUT
8 < Access-Control-Allow-Headers: Content-Type, api_key, Authorization
8 < Server: Jetty(9.2.9.v20150224)
{
  "code": 1,
  "type": "error",
  "message": "User not found"
}


23:59:42.850 [main] DEBUG com.intuit.karate - retry condition not satisfied: responseStatus == 200
23:59:42.850 [main] DEBUG com.intuit.karate - sleeping before retry #8
23:59:45.865 [main] DEBUG com.intuit.karate - request:
9 > GET https://petstore.swagger.io/v2/user/user_ea890b64-ab0e-45ac-8da5-fc283749c3f1
9 > Host: petstore.swagger.io
9 > Connection: Keep-Alive
9 > User-Agent: Apache-HttpClient/4.5.14 (Java/11.0.20)
9 > Accept-Encoding: gzip,deflate


23:59:46.132 [main] DEBUG com.intuit.karate - response time in milliseconds: 267
9 < 404
9 < Date: Mon, 12 May 2025 04:59:46 GMT
9 < Content-Type: application/json
9 < Transfer-Encoding: chunked
9 < Connection: keep-alive
9 < Access-Control-Allow-Origin: *
9 < Access-Control-Allow-Methods: GET, POST, DELETE, PUT
9 < Access-Control-Allow-Headers: Content-Type, api_key, Authorization
9 < Server: Jetty(9.2.9.v20150224)
{
  "code": 1,
  "type": "error",
  "message": "User not found"
}


23:59:46.133 [main] DEBUG com.intuit.karate - retry condition not satisfied: responseStatus == 200
23:59:46.133 [main] DEBUG com.intuit.karate - sleeping before retry #9
23:59:49.149 [main] DEBUG com.intuit.karate - request:
10 > GET https://petstore.swagger.io/v2/user/user_ea890b64-ab0e-45ac-8da5-fc283749c3f1
10 > Host: petstore.swagger.io
10 > Connection: Keep-Alive
10 > User-Agent: Apache-HttpClient/4.5.14 (Java/11.0.20)
10 > Accept-Encoding: gzip,deflate


23:59:49.419 [main] DEBUG com.intuit.karate - response time in milliseconds: 269
10 < 404
10 < Date: Mon, 12 May 2025 04:59:49 GMT
10 < Content-Type: application/json
10 < Transfer-Encoding: chunked
10 < Connection: keep-alive
10 < Access-Control-Allow-Origin: *
10 < Access-Control-Allow-Methods: GET, POST, DELETE, PUT
10 < Access-Control-Allow-Headers: Content-Type, api_key, Authorization
10 < Server: Jetty(9.2.9.v20150224)
{
  "code": 1,
  "type": "error",
  "message": "User not found"
}


23:59:49.420 [main] DEBUG com.intuit.karate - retry condition not satisfied: responseStatus == 200
23:59:49.420 [main] DEBUG com.intuit.karate - sleeping before retry #10
23:59:52.438 [main] DEBUG com.intuit.karate - request:
11 > GET https://petstore.swagger.io/v2/user/user_ea890b64-ab0e-45ac-8da5-fc283749c3f1
11 > Host: petstore.swagger.io
11 > Connection: Keep-Alive
11 > User-Agent: Apache-HttpClient/4.5.14 (Java/11.0.20)
11 > Accept-Encoding: gzip,deflate


23:59:52.707 [main] DEBUG com.intuit.karate - response time in milliseconds: 268
11 < 404
11 < Date: Mon, 12 May 2025 04:59:53 GMT
11 < Content-Type: application/json
11 < Transfer-Encoding: chunked
11 < Connection: keep-alive
11 < Access-Control-Allow-Origin: *
11 < Access-Control-Allow-Methods: GET, POST, DELETE, PUT
11 < Access-Control-Allow-Headers: Content-Type, api_key, Authorization
11 < Server: Jetty(9.2.9.v20150224)
{
  "code": 1,
  "type": "error",
  "message": "User not found"
}


23:59:52.707 [main] DEBUG com.intuit.karate - retry condition not satisfied: responseStatus == 200
23:59:52.708 [main] DEBUG com.intuit.karate - sleeping before retry #11
23:59:55.723 [main] DEBUG com.intuit.karate - request:
12 > GET https://petstore.swagger.io/v2/user/user_ea890b64-ab0e-45ac-8da5-fc283749c3f1
12 > Host: petstore.swagger.io
12 > Connection: Keep-Alive
12 > User-Agent: Apache-HttpClient/4.5.14 (Java/11.0.20)
12 > Accept-Encoding: gzip,deflate


23:59:55.991 [main] DEBUG com.intuit.karate - response time in milliseconds: 267
12 < 404
12 < Date: Mon, 12 May 2025 04:59:56 GMT
12 < Content-Type: application/json
12 < Transfer-Encoding: chunked
12 < Connection: keep-alive
12 < Access-Control-Allow-Origin: *
12 < Access-Control-Allow-Methods: GET, POST, DELETE, PUT
12 < Access-Control-Allow-Headers: Content-Type, api_key, Authorization
12 < Server: Jetty(9.2.9.v20150224)
{
  "code": 1,
  "type": "error",
  "message": "User not found"
}


23:59:55.992 [main] DEBUG com.intuit.karate - retry condition not satisfied: responseStatus == 200
23:59:55.992 [main] DEBUG com.intuit.karate - sleeping before retry #12
23:59:58.996 [main] DEBUG com.intuit.karate - request:
13 > GET https://petstore.swagger.io/v2/user/user_ea890b64-ab0e-45ac-8da5-fc283749c3f1
13 > Host: petstore.swagger.io
13 > Connection: Keep-Alive
13 > User-Agent: Apache-HttpClient/4.5.14 (Java/11.0.20)
13 > Accept-Encoding: gzip,deflate


23:59:59.265 [main] DEBUG com.intuit.karate - response time in milliseconds: 269
13 < 404
13 < Date: Mon, 12 May 2025 04:59:59 GMT
13 < Content-Type: application/json
13 < Transfer-Encoding: chunked
13 < Connection: keep-alive
13 < Access-Control-Allow-Origin: *
13 < Access-Control-Allow-Methods: GET, POST, DELETE, PUT
13 < Access-Control-Allow-Headers: Content-Type, api_key, Authorization
13 < Server: Jetty(9.2.9.v20150224)
{
  "code": 1,
  "type": "error",
  "message": "User not found"
}


23:59:59.266 [main] DEBUG com.intuit.karate - retry condition not satisfied: responseStatus == 200
23:59:59.266 [main] DEBUG com.intuit.karate - sleeping before retry #13
00:00:02.273 [main] DEBUG com.intuit.karate - request:
14 > GET https://petstore.swagger.io/v2/user/user_ea890b64-ab0e-45ac-8da5-fc283749c3f1
14 > Host: petstore.swagger.io
14 > Connection: Keep-Alive
14 > User-Agent: Apache-HttpClient/4.5.14 (Java/11.0.20)
14 > Accept-Encoding: gzip,deflate


00:00:02.537 [main] DEBUG com.intuit.karate - response time in milliseconds: 263
14 < 404
14 < Date: Mon, 12 May 2025 05:00:02 GMT
14 < Content-Type: application/json
14 < Transfer-Encoding: chunked
14 < Connection: keep-alive
14 < Access-Control-Allow-Origin: *
14 < Access-Control-Allow-Methods: GET, POST, DELETE, PUT
14 < Access-Control-Allow-Headers: Content-Type, api_key, Authorization
14 < Server: Jetty(9.2.9.v20150224)
{
  "code": 1,
  "type": "error",
  "message": "User not found"
}


00:00:02.538 [main] DEBUG com.intuit.karate - retry condition not satisfied: responseStatus == 200
00:00:02.539 [main] DEBUG com.intuit.karate - sleeping before retry #14
00:00:05.543 [main] DEBUG com.intuit.karate - request:
15 > GET https://petstore.swagger.io/v2/user/user_ea890b64-ab0e-45ac-8da5-fc283749c3f1
15 > Host: petstore.swagger.io
15 > Connection: Keep-Alive
15 > User-Agent: Apache-HttpClient/4.5.14 (Java/11.0.20)
15 > Accept-Encoding: gzip,deflate


00:00:05.817 [main] DEBUG com.intuit.karate - response time in milliseconds: 272
15 < 404
15 < Date: Mon, 12 May 2025 05:00:06 GMT
15 < Content-Type: application/json
15 < Transfer-Encoding: chunked
15 < Connection: keep-alive
15 < Access-Control-Allow-Origin: *
15 < Access-Control-Allow-Methods: GET, POST, DELETE, PUT
15 < Access-Control-Allow-Headers: Content-Type, api_key, Authorization
15 < Server: Jetty(9.2.9.v20150224)
{
  "code": 1,
  "type": "error",
  "message": "User not found"
}


00:00:05.817 [main] DEBUG com.intuit.karate - retry condition not satisfied: responseStatus == 200
00:00:05.818 [main] DEBUG com.intuit.karate - sleeping before retry #15
00:00:08.831 [main] DEBUG com.intuit.karate - request:
16 > GET https://petstore.swagger.io/v2/user/user_ea890b64-ab0e-45ac-8da5-fc283749c3f1
16 > Host: petstore.swagger.io
16 > Connection: Keep-Alive
16 > User-Agent: Apache-HttpClient/4.5.14 (Java/11.0.20)
16 > Accept-Encoding: gzip,deflate


00:00:09.096 [main] DEBUG com.intuit.karate - response time in milliseconds: 265
16 < 404
16 < Date: Mon, 12 May 2025 05:00:09 GMT
16 < Content-Type: application/json
16 < Transfer-Encoding: chunked
16 < Connection: keep-alive
16 < Access-Control-Allow-Origin: *
16 < Access-Control-Allow-Methods: GET, POST, DELETE, PUT
16 < Access-Control-Allow-Headers: Content-Type, api_key, Authorization
16 < Server: Jetty(9.2.9.v20150224)
{
  "code": 1,
  "type": "error",
  "message": "User not found"
}


00:00:09.098 [main] DEBUG com.intuit.karate - retry condition not satisfied: responseStatus == 200
00:00:09.098 [main] DEBUG com.intuit.karate - sleeping before retry #16
00:00:12.103 [main] DEBUG com.intuit.karate - request:
17 > GET https://petstore.swagger.io/v2/user/user_ea890b64-ab0e-45ac-8da5-fc283749c3f1
17 > Host: petstore.swagger.io
17 > Connection: Keep-Alive
17 > User-Agent: Apache-HttpClient/4.5.14 (Java/11.0.20)
17 > Accept-Encoding: gzip,deflate


00:00:12.369 [main] DEBUG com.intuit.karate - response time in milliseconds: 266
17 < 404
17 < Date: Mon, 12 May 2025 05:00:12 GMT
17 < Content-Type: application/json
17 < Transfer-Encoding: chunked
17 < Connection: keep-alive
17 < Access-Control-Allow-Origin: *
17 < Access-Control-Allow-Methods: GET, POST, DELETE, PUT
17 < Access-Control-Allow-Headers: Content-Type, api_key, Authorization
17 < Server: Jetty(9.2.9.v20150224)
{
  "code": 1,
  "type": "error",
  "message": "User not found"
}


00:00:12.369 [main] DEBUG com.intuit.karate - retry condition not satisfied: responseStatus == 200
00:00:12.370 [main] DEBUG com.intuit.karate - sleeping before retry #17
00:00:15.385 [main] DEBUG com.intuit.karate - request:
18 > GET https://petstore.swagger.io/v2/user/user_ea890b64-ab0e-45ac-8da5-fc283749c3f1
18 > Host: petstore.swagger.io
18 > Connection: Keep-Alive
18 > User-Agent: Apache-HttpClient/4.5.14 (Java/11.0.20)
18 > Accept-Encoding: gzip,deflate


00:00:15.652 [main] DEBUG com.intuit.karate - response time in milliseconds: 266
18 < 404
18 < Date: Mon, 12 May 2025 05:00:15 GMT
18 < Content-Type: application/json
18 < Transfer-Encoding: chunked
18 < Connection: keep-alive
18 < Access-Control-Allow-Origin: *
18 < Access-Control-Allow-Methods: GET, POST, DELETE, PUT
18 < Access-Control-Allow-Headers: Content-Type, api_key, Authorization
18 < Server: Jetty(9.2.9.v20150224)
{
  "code": 1,
  "type": "error",
  "message": "User not found"
}


00:00:15.652 [main] DEBUG com.intuit.karate - retry condition not satisfied: responseStatus == 200
00:00:15.653 [main] DEBUG com.intuit.karate - sleeping before retry #18
00:00:18.670 [main] DEBUG com.intuit.karate - request:
19 > GET https://petstore.swagger.io/v2/user/user_ea890b64-ab0e-45ac-8da5-fc283749c3f1
19 > Host: petstore.swagger.io
19 > Connection: Keep-Alive
19 > User-Agent: Apache-HttpClient/4.5.14 (Java/11.0.20)
19 > Accept-Encoding: gzip,deflate


00:00:18.938 [main] DEBUG com.intuit.karate - response time in milliseconds: 268
19 < 404
19 < Date: Mon, 12 May 2025 05:00:19 GMT
19 < Content-Type: application/json
19 < Transfer-Encoding: chunked
19 < Connection: keep-alive
19 < Access-Control-Allow-Origin: *
19 < Access-Control-Allow-Methods: GET, POST, DELETE, PUT
19 < Access-Control-Allow-Headers: Content-Type, api_key, Authorization
19 < Server: Jetty(9.2.9.v20150224)
{
  "code": 1,
  "type": "error",
  "message": "User not found"
}


00:00:18.939 [main] DEBUG com.intuit.karate - retry condition not satisfied: responseStatus == 200
00:00:18.939 [main] DEBUG com.intuit.karate - sleeping before retry #19
00:00:21.947 [main] DEBUG com.intuit.karate - request:
20 > GET https://petstore.swagger.io/v2/user/user_ea890b64-ab0e-45ac-8da5-fc283749c3f1
20 > Host: petstore.swagger.io
20 > Connection: Keep-Alive
20 > User-Agent: Apache-HttpClient/4.5.14 (Java/11.0.20)
20 > Accept-Encoding: gzip,deflate


00:00:22.325 [main] DEBUG com.intuit.karate - response time in milliseconds: 377
20 < 404
20 < Date: Mon, 12 May 2025 05:00:22 GMT
20 < Content-Type: application/json
20 < Transfer-Encoding: chunked
20 < Connection: keep-alive
20 < Access-Control-Allow-Origin: *
20 < Access-Control-Allow-Methods: GET, POST, DELETE, PUT
20 < Access-Control-Allow-Headers: Content-Type, api_key, Authorization
20 < Server: Jetty(9.2.9.v20150224)
{
  "code": 1,
  "type": "error",
  "message": "User not found"
}


00:00:22.326 [main] DEBUG com.intuit.karate - retry condition not satisfied: responseStatus == 200
00:00:22.327 [main] ERROR com.intuit.karate - classpath:examples/users/user-crud.feature:49
* method get
too many retry attempts: 20
classpath:examples/users/user-crud.feature:49
00:00:22.344 [main] DEBUG com.intuit.karate - request:
1 > PUT https://petstore.swagger.io/v2/user/user_beaab121-d5c5-43c1-a268-de9024aad781
1 > Content-Type: application/json; charset=UTF-8
1 > Content-Length: 218
1 > Host: petstore.swagger.io
1 > Connection: Keep-Alive
1 > User-Agent: Apache-HttpClient/4.5.14 (Java/11.0.20)
1 > Accept-Encoding: gzip,deflate
{
  "id": 123456789,
  "username": "user_beaab121-d5c5-43c1-a268-de9024aad781",
  "firstName": "AndyUpdated",
  "lastName": "LemaUpdated",
  "email": "andy.updated@test.com",
  "password": "NewPassword123",
  "phone": "0999999999",
  "userStatus": 1
}


00:00:22.609 [main] DEBUG com.intuit.karate - response time in milliseconds: 264
1 < 200
1 < Date: Mon, 12 May 2025 05:00:22 GMT
1 < Content-Type: application/json
1 < Transfer-Encoding: chunked
1 < Connection: keep-alive
1 < Access-Control-Allow-Origin: *
1 < Access-Control-Allow-Methods: GET, POST, DELETE, PUT
1 < Access-Control-Allow-Headers: Content-Type, api_key, Authorization
1 < Server: Jetty(9.2.9.v20150224)
{
  "code": 200,
  "type": "unknown",
  "message": "123456789"
}


00:00:22.625 [main] DEBUG com.intuit.karate - request:
1 > GET https://petstore.swagger.io/v2/user/user_c781c09a-3e6d-4a9b-93b8-edc58e63e24b
1 > Host: petstore.swagger.io
1 > Connection: Keep-Alive
1 > User-Agent: Apache-HttpClient/4.5.14 (Java/11.0.20)
1 > Accept-Encoding: gzip,deflate


00:00:22.890 [main] DEBUG com.intuit.karate - response time in milliseconds: 265
1 < 404
1 < Date: Mon, 12 May 2025 05:00:23 GMT
1 < Content-Type: application/json
1 < Transfer-Encoding: chunked
1 < Connection: keep-alive
1 < Access-Control-Allow-Origin: *
1 < Access-Control-Allow-Methods: GET, POST, DELETE, PUT
1 < Access-Control-Allow-Headers: Content-Type, api_key, Authorization
1 < Server: Jetty(9.2.9.v20150224)
{
  "code": 1,
  "type": "error",
  "message": "User not found"
}


00:00:22.892 [main] DEBUG com.intuit.karate - retry condition not satisfied: responseStatus == 200
00:00:22.892 [main] DEBUG com.intuit.karate - sleeping before retry #1
00:00:25.895 [main] DEBUG com.intuit.karate - request:
2 > GET https://petstore.swagger.io/v2/user/user_c781c09a-3e6d-4a9b-93b8-edc58e63e24b
2 > Host: petstore.swagger.io
2 > Connection: Keep-Alive
2 > User-Agent: Apache-HttpClient/4.5.14 (Java/11.0.20)
2 > Accept-Encoding: gzip,deflate


00:00:26.156 [main] DEBUG com.intuit.karate - response time in milliseconds: 261
2 < 404
2 < Date: Mon, 12 May 2025 05:00:26 GMT
2 < Content-Type: application/json
2 < Transfer-Encoding: chunked
2 < Connection: keep-alive
2 < Access-Control-Allow-Origin: *
2 < Access-Control-Allow-Methods: GET, POST, DELETE, PUT
2 < Access-Control-Allow-Headers: Content-Type, api_key, Authorization
2 < Server: Jetty(9.2.9.v20150224)
{
  "code": 1,
  "type": "error",
  "message": "User not found"
}


00:00:26.158 [main] DEBUG com.intuit.karate - retry condition not satisfied: responseStatus == 200
00:00:26.158 [main] DEBUG com.intuit.karate - sleeping before retry #2
00:00:29.162 [main] DEBUG com.intuit.karate - request:
3 > GET https://petstore.swagger.io/v2/user/user_c781c09a-3e6d-4a9b-93b8-edc58e63e24b
3 > Host: petstore.swagger.io
3 > Connection: Keep-Alive
3 > User-Agent: Apache-HttpClient/4.5.14 (Java/11.0.20)
3 > Accept-Encoding: gzip,deflate


00:00:29.432 [main] DEBUG com.intuit.karate - response time in milliseconds: 268
3 < 404
3 < Date: Mon, 12 May 2025 05:00:29 GMT
3 < Content-Type: application/json
3 < Transfer-Encoding: chunked
3 < Connection: keep-alive
3 < Access-Control-Allow-Origin: *
3 < Access-Control-Allow-Methods: GET, POST, DELETE, PUT
3 < Access-Control-Allow-Headers: Content-Type, api_key, Authorization
3 < Server: Jetty(9.2.9.v20150224)
{
  "code": 1,
  "type": "error",
  "message": "User not found"
}


00:00:29.433 [main] DEBUG com.intuit.karate - retry condition not satisfied: responseStatus == 200
00:00:29.433 [main] DEBUG com.intuit.karate - sleeping before retry #3
00:00:32.438 [main] DEBUG com.intuit.karate - request:
4 > GET https://petstore.swagger.io/v2/user/user_c781c09a-3e6d-4a9b-93b8-edc58e63e24b
4 > Host: petstore.swagger.io
4 > Connection: Keep-Alive
4 > User-Agent: Apache-HttpClient/4.5.14 (Java/11.0.20)
4 > Accept-Encoding: gzip,deflate


00:00:32.708 [main] DEBUG com.intuit.karate - response time in milliseconds: 269
4 < 404
4 < Date: Mon, 12 May 2025 05:00:33 GMT
4 < Content-Type: application/json
4 < Transfer-Encoding: chunked
4 < Connection: keep-alive
4 < Access-Control-Allow-Origin: *
4 < Access-Control-Allow-Methods: GET, POST, DELETE, PUT
4 < Access-Control-Allow-Headers: Content-Type, api_key, Authorization
4 < Server: Jetty(9.2.9.v20150224)
{
  "code": 1,
  "type": "error",
  "message": "User not found"
}


00:00:32.708 [main] DEBUG com.intuit.karate - retry condition not satisfied: responseStatus == 200
00:00:32.708 [main] DEBUG com.intuit.karate - sleeping before retry #4
00:00:35.711 [main] DEBUG com.intuit.karate - request:
5 > GET https://petstore.swagger.io/v2/user/user_c781c09a-3e6d-4a9b-93b8-edc58e63e24b
5 > Host: petstore.swagger.io
5 > Connection: Keep-Alive
5 > User-Agent: Apache-HttpClient/4.5.14 (Java/11.0.20)
5 > Accept-Encoding: gzip,deflate


00:00:35.976 [main] DEBUG com.intuit.karate - response time in milliseconds: 265
5 < 404
5 < Date: Mon, 12 May 2025 05:00:36 GMT
5 < Content-Type: application/json
5 < Transfer-Encoding: chunked
5 < Connection: keep-alive
5 < Access-Control-Allow-Origin: *
5 < Access-Control-Allow-Methods: GET, POST, DELETE, PUT
5 < Access-Control-Allow-Headers: Content-Type, api_key, Authorization
5 < Server: Jetty(9.2.9.v20150224)
{
  "code": 1,
  "type": "error",
  "message": "User not found"
}


00:00:35.977 [main] DEBUG com.intuit.karate - retry condition not satisfied: responseStatus == 200
00:00:35.977 [main] DEBUG com.intuit.karate - sleeping before retry #5
00:00:38.980 [main] DEBUG com.intuit.karate - request:
6 > GET https://petstore.swagger.io/v2/user/user_c781c09a-3e6d-4a9b-93b8-edc58e63e24b
6 > Host: petstore.swagger.io
6 > Connection: Keep-Alive
6 > User-Agent: Apache-HttpClient/4.5.14 (Java/11.0.20)
6 > Accept-Encoding: gzip,deflate


00:00:39.246 [main] DEBUG com.intuit.karate - response time in milliseconds: 266
6 < 404
6 < Date: Mon, 12 May 2025 05:00:39 GMT
6 < Content-Type: application/json
6 < Transfer-Encoding: chunked
6 < Connection: keep-alive
6 < Access-Control-Allow-Origin: *
6 < Access-Control-Allow-Methods: GET, POST, DELETE, PUT
6 < Access-Control-Allow-Headers: Content-Type, api_key, Authorization
6 < Server: Jetty(9.2.9.v20150224)
{
  "code": 1,
  "type": "error",
  "message": "User not found"
}


00:00:39.250 [main] DEBUG com.intuit.karate - retry condition not satisfied: responseStatus == 200
00:00:39.250 [main] DEBUG com.intuit.karate - sleeping before retry #6
00:00:42.255 [main] DEBUG com.intuit.karate - request:
7 > GET https://petstore.swagger.io/v2/user/user_c781c09a-3e6d-4a9b-93b8-edc58e63e24b
7 > Host: petstore.swagger.io
7 > Connection: Keep-Alive
7 > User-Agent: Apache-HttpClient/4.5.14 (Java/11.0.20)
7 > Accept-Encoding: gzip,deflate


00:00:42.523 [main] DEBUG com.intuit.karate - response time in milliseconds: 266
7 < 404
7 < Date: Mon, 12 May 2025 05:00:42 GMT
7 < Content-Type: application/json
7 < Transfer-Encoding: chunked
7 < Connection: keep-alive
7 < Access-Control-Allow-Origin: *
7 < Access-Control-Allow-Methods: GET, POST, DELETE, PUT
7 < Access-Control-Allow-Headers: Content-Type, api_key, Authorization
7 < Server: Jetty(9.2.9.v20150224)
{
  "code": 1,
  "type": "error",
  "message": "User not found"
}


00:00:42.523 [main] DEBUG com.intuit.karate - retry condition not satisfied: responseStatus == 200
00:00:42.523 [main] DEBUG com.intuit.karate - sleeping before retry #7
00:00:45.524 [main] DEBUG com.intuit.karate - request:
8 > GET https://petstore.swagger.io/v2/user/user_c781c09a-3e6d-4a9b-93b8-edc58e63e24b
8 > Host: petstore.swagger.io
8 > Connection: Keep-Alive
8 > User-Agent: Apache-HttpClient/4.5.14 (Java/11.0.20)
8 > Accept-Encoding: gzip,deflate


00:00:45.789 [main] DEBUG com.intuit.karate - response time in milliseconds: 265
8 < 404
8 < Date: Mon, 12 May 2025 05:00:46 GMT
8 < Content-Type: application/json
8 < Transfer-Encoding: chunked
8 < Connection: keep-alive
8 < Access-Control-Allow-Origin: *
8 < Access-Control-Allow-Methods: GET, POST, DELETE, PUT
8 < Access-Control-Allow-Headers: Content-Type, api_key, Authorization
8 < Server: Jetty(9.2.9.v20150224)
{
  "code": 1,
  "type": "error",
  "message": "User not found"
}


00:00:45.790 [main] DEBUG com.intuit.karate - retry condition not satisfied: responseStatus == 200
00:00:45.790 [main] DEBUG com.intuit.karate - sleeping before retry #8
00:00:48.806 [main] DEBUG com.intuit.karate - request:
9 > GET https://petstore.swagger.io/v2/user/user_c781c09a-3e6d-4a9b-93b8-edc58e63e24b
9 > Host: petstore.swagger.io
9 > Connection: Keep-Alive
9 > User-Agent: Apache-HttpClient/4.5.14 (Java/11.0.20)
9 > Accept-Encoding: gzip,deflate


00:00:49.071 [main] DEBUG com.intuit.karate - response time in milliseconds: 263
9 < 404
9 < Date: Mon, 12 May 2025 05:00:49 GMT
9 < Content-Type: application/json
9 < Transfer-Encoding: chunked
9 < Connection: keep-alive
9 < Access-Control-Allow-Origin: *
9 < Access-Control-Allow-Methods: GET, POST, DELETE, PUT
9 < Access-Control-Allow-Headers: Content-Type, api_key, Authorization
9 < Server: Jetty(9.2.9.v20150224)
{
  "code": 1,
  "type": "error",
  "message": "User not found"
}


00:00:49.072 [main] DEBUG com.intuit.karate - retry condition not satisfied: responseStatus == 200
00:00:49.072 [main] DEBUG com.intuit.karate - sleeping before retry #9
00:00:52.075 [main] DEBUG com.intuit.karate - request:
10 > GET https://petstore.swagger.io/v2/user/user_c781c09a-3e6d-4a9b-93b8-edc58e63e24b
10 > Host: petstore.swagger.io
10 > Connection: Keep-Alive
10 > User-Agent: Apache-HttpClient/4.5.14 (Java/11.0.20)
10 > Accept-Encoding: gzip,deflate


00:00:52.345 [main] DEBUG com.intuit.karate - response time in milliseconds: 269
10 < 404
10 < Date: Mon, 12 May 2025 05:00:52 GMT
10 < Content-Type: application/json
10 < Transfer-Encoding: chunked
10 < Connection: keep-alive
10 < Access-Control-Allow-Origin: *
10 < Access-Control-Allow-Methods: GET, POST, DELETE, PUT
10 < Access-Control-Allow-Headers: Content-Type, api_key, Authorization
10 < Server: Jetty(9.2.9.v20150224)
{
  "code": 1,
  "type": "error",
  "message": "User not found"
}


00:00:52.346 [main] DEBUG com.intuit.karate - retry condition not satisfied: responseStatus == 200
00:00:52.346 [main] DEBUG com.intuit.karate - sleeping before retry #10
00:00:55.352 [main] DEBUG com.intuit.karate - request:
11 > GET https://petstore.swagger.io/v2/user/user_c781c09a-3e6d-4a9b-93b8-edc58e63e24b
11 > Host: petstore.swagger.io
11 > Connection: Keep-Alive
11 > User-Agent: Apache-HttpClient/4.5.14 (Java/11.0.20)
11 > Accept-Encoding: gzip,deflate


00:00:55.617 [main] DEBUG com.intuit.karate - response time in milliseconds: 265
11 < 404
11 < Date: Mon, 12 May 2025 05:00:55 GMT
11 < Content-Type: application/json
11 < Transfer-Encoding: chunked
11 < Connection: keep-alive
11 < Access-Control-Allow-Origin: *
11 < Access-Control-Allow-Methods: GET, POST, DELETE, PUT
11 < Access-Control-Allow-Headers: Content-Type, api_key, Authorization
11 < Server: Jetty(9.2.9.v20150224)
{
  "code": 1,
  "type": "error",
  "message": "User not found"
}


00:00:55.617 [main] DEBUG com.intuit.karate - retry condition not satisfied: responseStatus == 200
00:00:55.618 [main] DEBUG com.intuit.karate - sleeping before retry #11
00:00:58.621 [main] DEBUG com.intuit.karate - request:
12 > GET https://petstore.swagger.io/v2/user/user_c781c09a-3e6d-4a9b-93b8-edc58e63e24b
12 > Host: petstore.swagger.io
12 > Connection: Keep-Alive
12 > User-Agent: Apache-HttpClient/4.5.14 (Java/11.0.20)
12 > Accept-Encoding: gzip,deflate


00:00:58.887 [main] DEBUG com.intuit.karate - response time in milliseconds: 266
12 < 404
12 < Date: Mon, 12 May 2025 05:00:59 GMT
12 < Content-Type: application/json
12 < Transfer-Encoding: chunked
12 < Connection: keep-alive
12 < Access-Control-Allow-Origin: *
12 < Access-Control-Allow-Methods: GET, POST, DELETE, PUT
12 < Access-Control-Allow-Headers: Content-Type, api_key, Authorization
12 < Server: Jetty(9.2.9.v20150224)
{
  "code": 1,
  "type": "error",
  "message": "User not found"
}


00:00:58.887 [main] DEBUG com.intuit.karate - retry condition not satisfied: responseStatus == 200
00:00:58.888 [main] DEBUG com.intuit.karate - sleeping before retry #12
00:01:01.904 [main] DEBUG com.intuit.karate - request:
13 > GET https://petstore.swagger.io/v2/user/user_c781c09a-3e6d-4a9b-93b8-edc58e63e24b
13 > Host: petstore.swagger.io
13 > Connection: Keep-Alive
13 > User-Agent: Apache-HttpClient/4.5.14 (Java/11.0.20)
13 > Accept-Encoding: gzip,deflate


00:01:02.167 [main] DEBUG com.intuit.karate - response time in milliseconds: 263
13 < 404
13 < Date: Mon, 12 May 2025 05:01:02 GMT
13 < Content-Type: application/json
13 < Transfer-Encoding: chunked
13 < Connection: keep-alive
13 < Access-Control-Allow-Origin: *
13 < Access-Control-Allow-Methods: GET, POST, DELETE, PUT
13 < Access-Control-Allow-Headers: Content-Type, api_key, Authorization
13 < Server: Jetty(9.2.9.v20150224)
{
  "code": 1,
  "type": "error",
  "message": "User not found"
}


00:01:02.167 [main] DEBUG com.intuit.karate - retry condition not satisfied: responseStatus == 200
00:01:02.167 [main] DEBUG com.intuit.karate - sleeping before retry #13
00:01:05.177 [main] DEBUG com.intuit.karate - request:
14 > GET https://petstore.swagger.io/v2/user/user_c781c09a-3e6d-4a9b-93b8-edc58e63e24b
14 > Host: petstore.swagger.io
14 > Connection: Keep-Alive
14 > User-Agent: Apache-HttpClient/4.5.14 (Java/11.0.20)
14 > Accept-Encoding: gzip,deflate


00:01:05.455 [main] DEBUG com.intuit.karate - response time in milliseconds: 278
14 < 404
14 < Date: Mon, 12 May 2025 05:01:05 GMT
14 < Content-Type: application/json
14 < Transfer-Encoding: chunked
14 < Connection: keep-alive
14 < Access-Control-Allow-Origin: *
14 < Access-Control-Allow-Methods: GET, POST, DELETE, PUT
14 < Access-Control-Allow-Headers: Content-Type, api_key, Authorization
14 < Server: Jetty(9.2.9.v20150224)
{
  "code": 1,
  "type": "error",
  "message": "User not found"
}


00:01:05.456 [main] DEBUG com.intuit.karate - retry condition not satisfied: responseStatus == 200
00:01:05.456 [main] DEBUG com.intuit.karate - sleeping before retry #14
00:01:08.457 [main] DEBUG com.intuit.karate - request:
15 > GET https://petstore.swagger.io/v2/user/user_c781c09a-3e6d-4a9b-93b8-edc58e63e24b
15 > Host: petstore.swagger.io
15 > Connection: Keep-Alive
15 > User-Agent: Apache-HttpClient/4.5.14 (Java/11.0.20)
15 > Accept-Encoding: gzip,deflate


00:01:08.724 [main] DEBUG com.intuit.karate - response time in milliseconds: 267
15 < 404
15 < Date: Mon, 12 May 2025 05:01:09 GMT
15 < Content-Type: application/json
15 < Transfer-Encoding: chunked
15 < Connection: keep-alive
15 < Access-Control-Allow-Origin: *
15 < Access-Control-Allow-Methods: GET, POST, DELETE, PUT
15 < Access-Control-Allow-Headers: Content-Type, api_key, Authorization
15 < Server: Jetty(9.2.9.v20150224)
{
  "code": 1,
  "type": "error",
  "message": "User not found"
}


00:01:08.724 [main] DEBUG com.intuit.karate - retry condition not satisfied: responseStatus == 200
00:01:08.724 [main] DEBUG com.intuit.karate - sleeping before retry #15
00:01:11.733 [main] DEBUG com.intuit.karate - request:
16 > GET https://petstore.swagger.io/v2/user/user_c781c09a-3e6d-4a9b-93b8-edc58e63e24b
16 > Host: petstore.swagger.io
16 > Connection: Keep-Alive
16 > User-Agent: Apache-HttpClient/4.5.14 (Java/11.0.20)
16 > Accept-Encoding: gzip,deflate


00:01:11.997 [main] DEBUG com.intuit.karate - response time in milliseconds: 262
16 < 404
16 < Date: Mon, 12 May 2025 05:01:12 GMT
16 < Content-Type: application/json
16 < Transfer-Encoding: chunked
16 < Connection: keep-alive
16 < Access-Control-Allow-Origin: *
16 < Access-Control-Allow-Methods: GET, POST, DELETE, PUT
16 < Access-Control-Allow-Headers: Content-Type, api_key, Authorization
16 < Server: Jetty(9.2.9.v20150224)
{
  "code": 1,
  "type": "error",
  "message": "User not found"
}


00:01:11.997 [main] DEBUG com.intuit.karate - retry condition not satisfied: responseStatus == 200
00:01:11.997 [main] DEBUG com.intuit.karate - sleeping before retry #16
00:01:15.011 [main] DEBUG com.intuit.karate - request:
17 > GET https://petstore.swagger.io/v2/user/user_c781c09a-3e6d-4a9b-93b8-edc58e63e24b
17 > Host: petstore.swagger.io
17 > Connection: Keep-Alive
17 > User-Agent: Apache-HttpClient/4.5.14 (Java/11.0.20)
17 > Accept-Encoding: gzip,deflate


00:01:15.275 [main] DEBUG com.intuit.karate - response time in milliseconds: 264
17 < 404
17 < Date: Mon, 12 May 2025 05:01:15 GMT
17 < Content-Type: application/json
17 < Transfer-Encoding: chunked
17 < Connection: keep-alive
17 < Access-Control-Allow-Origin: *
17 < Access-Control-Allow-Methods: GET, POST, DELETE, PUT
17 < Access-Control-Allow-Headers: Content-Type, api_key, Authorization
17 < Server: Jetty(9.2.9.v20150224)
{
  "code": 1,
  "type": "error",
  "message": "User not found"
}


00:01:15.276 [main] DEBUG com.intuit.karate - retry condition not satisfied: responseStatus == 200
00:01:15.276 [main] DEBUG com.intuit.karate - sleeping before retry #17
00:01:18.291 [main] DEBUG com.intuit.karate - request:
18 > GET https://petstore.swagger.io/v2/user/user_c781c09a-3e6d-4a9b-93b8-edc58e63e24b
18 > Host: petstore.swagger.io
18 > Connection: Keep-Alive
18 > User-Agent: Apache-HttpClient/4.5.14 (Java/11.0.20)
18 > Accept-Encoding: gzip,deflate


00:01:18.554 [main] DEBUG com.intuit.karate - response time in milliseconds: 263
18 < 404
18 < Date: Mon, 12 May 2025 05:01:18 GMT
18 < Content-Type: application/json
18 < Transfer-Encoding: chunked
18 < Connection: keep-alive
18 < Access-Control-Allow-Origin: *
18 < Access-Control-Allow-Methods: GET, POST, DELETE, PUT
18 < Access-Control-Allow-Headers: Content-Type, api_key, Authorization
18 < Server: Jetty(9.2.9.v20150224)
{
  "code": 1,
  "type": "error",
  "message": "User not found"
}


00:01:18.555 [main] DEBUG com.intuit.karate - retry condition not satisfied: responseStatus == 200
00:01:18.555 [main] DEBUG com.intuit.karate - sleeping before retry #18
00:01:21.571 [main] DEBUG com.intuit.karate - request:
19 > GET https://petstore.swagger.io/v2/user/user_c781c09a-3e6d-4a9b-93b8-edc58e63e24b
19 > Host: petstore.swagger.io
19 > Connection: Keep-Alive
19 > User-Agent: Apache-HttpClient/4.5.14 (Java/11.0.20)
19 > Accept-Encoding: gzip,deflate


00:01:21.836 [main] DEBUG com.intuit.karate - response time in milliseconds: 264
19 < 404
19 < Date: Mon, 12 May 2025 05:01:22 GMT
19 < Content-Type: application/json
19 < Transfer-Encoding: chunked
19 < Connection: keep-alive
19 < Access-Control-Allow-Origin: *
19 < Access-Control-Allow-Methods: GET, POST, DELETE, PUT
19 < Access-Control-Allow-Headers: Content-Type, api_key, Authorization
19 < Server: Jetty(9.2.9.v20150224)
{
  "code": 1,
  "type": "error",
  "message": "User not found"
}


00:01:21.836 [main] DEBUG com.intuit.karate - retry condition not satisfied: responseStatus == 200
00:01:21.837 [main] DEBUG com.intuit.karate - sleeping before retry #19
00:01:24.850 [main] DEBUG com.intuit.karate - request:
20 > GET https://petstore.swagger.io/v2/user/user_c781c09a-3e6d-4a9b-93b8-edc58e63e24b
20 > Host: petstore.swagger.io
20 > Connection: Keep-Alive
20 > User-Agent: Apache-HttpClient/4.5.14 (Java/11.0.20)
20 > Accept-Encoding: gzip,deflate


00:01:25.146 [main] DEBUG com.intuit.karate - response time in milliseconds: 295
20 < 404
20 < Date: Mon, 12 May 2025 05:01:25 GMT
20 < Content-Type: application/json
20 < Transfer-Encoding: chunked
20 < Connection: keep-alive
20 < Access-Control-Allow-Origin: *
20 < Access-Control-Allow-Methods: GET, POST, DELETE, PUT
20 < Access-Control-Allow-Headers: Content-Type, api_key, Authorization
20 < Server: Jetty(9.2.9.v20150224)
{
  "code": 1,
  "type": "error",
  "message": "User not found"
}


00:01:25.146 [main] DEBUG com.intuit.karate - retry condition not satisfied: responseStatus == 200
00:01:25.146 [main] ERROR com.intuit.karate - classpath:examples/users/user-crud.feature:70
* method get
too many retry attempts: 20
classpath:examples/users/user-crud.feature:70
00:01:25.165 [main] DEBUG com.intuit.karate - request:
1 > DELETE https://petstore.swagger.io/v2/user/user_932a6cc1-5922-46ab-926d-a2315e8ea232
1 > Host: petstore.swagger.io
1 > Connection: Keep-Alive
1 > User-Agent: Apache-HttpClient/4.5.14 (Java/11.0.20)
1 > Accept-Encoding: gzip,deflate


00:01:25.429 [main] DEBUG com.intuit.karate - response time in milliseconds: 264
1 < 404
1 < Date: Mon, 12 May 2025 05:01:25 GMT
1 < Content-Length: 0
1 < Connection: keep-alive
1 < Access-Control-Allow-Origin: *
1 < Access-Control-Allow-Methods: GET, POST, DELETE, PUT
1 < Access-Control-Allow-Headers: Content-Type, api_key, Authorization
1 < Server: Jetty(9.2.9.v20150224)


00:01:25.430 [main] ERROR com.intuit.karate - classpath:examples/users/user-crud.feature:79
Then status 200
status code was: 404, expected: 200, response time in milliseconds: 264, url: https://petstore.swagger.io/v2/user/user_932a6cc1-5922-46ab-926d-a2315e8ea232, response: 

classpath:examples/users/user-crud.feature:79
